<?xml version="1.0" encoding="UTF-8" ?>
<testsuite tests="2" failures="1" name="WFI.InvoicingSystem.MemberUniTest" time="0.041" errors="0" skipped="0">
  <properties>
[...]
</properties>
  <testcase classname="WFI.InvoicingSystem.MemberUniTest" name="testRead" time="0.024"/>
  <testcase classname="WFI.InvoicingSystem.MemberUniTest" name="testAddMember" time="0.014">
    <failure message="expected:&lt;success&gt; but was:&lt;false&gt;" type="junit.framework.ComparisonFailure">junit.framework.ComparisonFailure: expected:&lt;success&gt; but was:&lt;false&gt;
	at junit.framework.Assert.assertEquals(Assert.java:81)
	at junit.framework.Assert.assertEquals(Assert.java:87)
	at WFI.InvoicingSystem.MemberUniTest.testAddMember(MemberUniTest.java:49)
</failure>
  </testcase>
</testsuite>